/usr/local/opt/rbenv/versions/2.1.5/bin/ruby -r ./siteconf20160228-4348-1lc13uv.rb extconf.rb
checking for ffi_call() in -lffi... yes
checking for ffi_prep_closure()... yes
checking for ffi_raw_call()... yes
checking for ffi_prep_raw_closure()... yes
checking for rb_thread_blocking_region()... yes
checking for rb_thread_call_with_gvl()... yes
checking for rb_thread_call_without_gvl()... yes
checking for ffi_prep_cif_var()... yes
creating extconf.h
creating Makefile

make "DESTDIR=" clean

make "DESTDIR="
compiling ffi.c
compiling LongDouble.c
compiling Thread.c
compiling StructByValue.c
compiling AbstractMemory.c
compiling FunctionInfo.c
compiling Type.c
compiling DynamicLibrary.c
compiling StructLayout.c
compiling Types.c
compiling Buffer.c
compiling Call.c
compiling ArrayType.c
compiling Struct.c
compiling Pointer.c
compiling MemoryPointer.c
compiling ClosurePool.c
compiling StructByReference.c
compiling DataConverter.c
compiling Platform.c
compiling MethodHandle.c
compiling Variadic.c
compiling LastError.c
compiling Function.c
compiling MappedType.c
linking shared-object ffi_c.so

make "DESTDIR=" install
/usr/bin/install -c -m 0755 ffi_c.so ./.gem.20160228-4348-sc3y6j
installing default ffi_c libraries
