find_library: checking for mysql_query() in -lmysqlclient... -------------------- no

"gcc -o conftest -I/usr/local/opt/rbenv/versions/2.1.5/include/ruby-2.1.0/x86_64-linux -I/usr/local/opt/rbenv/versions/2.1.5/include/ruby-2.1.0/ruby/backward -I/usr/local/opt/rbenv/versions/2.1.5/include/ruby-2.1.0 -I. -I/usr/local/include     -O3 -fno-fast-math -ggdb3 -Wall -Wextra -Wno-unused-parameter -Wno-parentheses -Wno-long-long -Wno-missing-field-initializers -Wunused-variable -Wpointer-arith -Wwrite-strings -Wdeclaration-after-statement -Wimplicit-function-declaration  -fPIC conftest.c  -L. -L/usr/local/opt/rbenv/versions/2.1.5/lib -Wl,-R/usr/local/opt/rbenv/versions/2.1.5/lib -L/usr/local/lib -Wl,-R/usr/local/lib -L. -fstack-protector -rdynamic -Wl,-export-dynamic     -Wl,-rpath,'/../lib' -Wl,-R -Wl,'/../lib' -L'/../lib' -lruby  -lpthread -ldl -lcrypt -lm   -lc"
checked program was:
/* begin */
1: #include "ruby.h"
2: 
3: int main(int argc, char **argv)
4: {
5:   return 0;
6: }
/* end */

"gcc -o conftest -I/usr/local/opt/rbenv/versions/2.1.5/include/ruby-2.1.0/x86_64-linux -I/usr/local/opt/rbenv/versions/2.1.5/include/ruby-2.1.0/ruby/backward -I/usr/local/opt/rbenv/versions/2.1.5/include/ruby-2.1.0 -I. -I/usr/local/include     -O3 -fno-fast-math -ggdb3 -Wall -Wextra -Wno-unused-parameter -Wno-parentheses -Wno-long-long -Wno-missing-field-initializers -Wunused-variable -Wpointer-arith -Wwrite-strings -Wdeclaration-after-statement -Wimplicit-function-declaration  -fPIC conftest.c  -L. -L/usr/local/opt/rbenv/versions/2.1.5/lib -Wl,-R/usr/local/opt/rbenv/versions/2.1.5/lib -L/usr/local/lib -Wl,-R/usr/local/lib -L. -fstack-protector -rdynamic -Wl,-export-dynamic     -Wl,-rpath,'/../lib' -Wl,-R -Wl,'/../lib' -L'/../lib' -lruby -lmysqlclient  -lpthread -ldl -lcrypt -lm   -lc"
conftest.c: In function ‘t’:
conftest.c:13:57: error: ‘mysql_query’ undeclared (first use in this function)
 int t(void) { void ((*volatile p)()); p = (void ((*)()))mysql_query; return 0; }
                                                         ^
conftest.c:13:57: note: each undeclared identifier is reported only once for each function it appears in
conftest.c:13:32: warning: variable ‘p’ set but not used [-Wunused-but-set-variable]
 int t(void) { void ((*volatile p)()); p = (void ((*)()))mysql_query; return 0; }
                                ^
checked program was:
/* begin */
 1: #include "ruby.h"
 2: 
 3: /*top*/
 4: extern int t(void);
 5: int main(int argc, char **argv)
 6: {
 7:   if (argc > 1000000) {
 8:     printf("%p", &t);
 9:   }
10: 
11:   return 0;
12: }
13: int t(void) { void ((*volatile p)()); p = (void ((*)()))mysql_query; return 0; }
/* end */

"gcc -o conftest -I/usr/local/opt/rbenv/versions/2.1.5/include/ruby-2.1.0/x86_64-linux -I/usr/local/opt/rbenv/versions/2.1.5/include/ruby-2.1.0/ruby/backward -I/usr/local/opt/rbenv/versions/2.1.5/include/ruby-2.1.0 -I. -I/usr/local/include     -O3 -fno-fast-math -ggdb3 -Wall -Wextra -Wno-unused-parameter -Wno-parentheses -Wno-long-long -Wno-missing-field-initializers -Wunused-variable -Wpointer-arith -Wwrite-strings -Wdeclaration-after-statement -Wimplicit-function-declaration  -fPIC conftest.c  -L. -L/usr/local/opt/rbenv/versions/2.1.5/lib -Wl,-R/usr/local/opt/rbenv/versions/2.1.5/lib -L/usr/local/lib -Wl,-R/usr/local/lib -L. -fstack-protector -rdynamic -Wl,-export-dynamic     -Wl,-rpath,'/../lib' -Wl,-R -Wl,'/../lib' -L'/../lib' -lruby -lmysqlclient  -lpthread -ldl -lcrypt -lm   -lc"
conftest.c: In function ‘t’:
conftest.c:13:1: warning: implicit declaration of function ‘mysql_query’ [-Wimplicit-function-declaration]
 int t(void) { mysql_query(); return 0; }
 ^
/usr/bin/ld: cannot find -lmysqlclient
collect2: error: ld returned 1 exit status
checked program was:
/* begin */
 1: #include "ruby.h"
 2: 
 3: /*top*/
 4: extern int t(void);
 5: int main(int argc, char **argv)
 6: {
 7:   if (argc > 1000000) {
 8:     printf("%p", &t);
 9:   }
10: 
11:   return 0;
12: }
13: int t(void) { mysql_query(); return 0; }
/* end */

"gcc -o conftest -I/usr/local/opt/rbenv/versions/2.1.5/include/ruby-2.1.0/x86_64-linux -I/usr/local/opt/rbenv/versions/2.1.5/include/ruby-2.1.0/ruby/backward -I/usr/local/opt/rbenv/versions/2.1.5/include/ruby-2.1.0 -I. -I/usr/local/include     -O3 -fno-fast-math -ggdb3 -Wall -Wextra -Wno-unused-parameter -Wno-parentheses -Wno-long-long -Wno-missing-field-initializers -Wunused-variable -Wpointer-arith -Wwrite-strings -Wdeclaration-after-statement -Wimplicit-function-declaration  -fPIC conftest.c  -L. -L/usr/local/opt/rbenv/versions/2.1.5/lib -Wl,-R/usr/local/opt/rbenv/versions/2.1.5/lib -L/usr/local/lib -Wl,-R/usr/local/lib -L. -fstack-protector -rdynamic -Wl,-export-dynamic     -Wl,-rpath,'/../lib' -Wl,-R -Wl,'/../lib' -L'/../lib' -lruby -lmysqlclient  -lpthread -ldl -lcrypt -lm   -lc"
conftest.c: In function ‘t’:
conftest.c:13:57: error: ‘mysql_query’ undeclared (first use in this function)
 int t(void) { void ((*volatile p)()); p = (void ((*)()))mysql_query; return 0; }
                                                         ^
conftest.c:13:57: note: each undeclared identifier is reported only once for each function it appears in
conftest.c:13:32: warning: variable ‘p’ set but not used [-Wunused-but-set-variable]
 int t(void) { void ((*volatile p)()); p = (void ((*)()))mysql_query; return 0; }
                                ^
checked program was:
/* begin */
 1: #include "ruby.h"
 2: 
 3: /*top*/
 4: extern int t(void);
 5: int main(int argc, char **argv)
 6: {
 7:   if (argc > 1000000) {
 8:     printf("%p", &t);
 9:   }
10: 
11:   return 0;
12: }
13: int t(void) { void ((*volatile p)()); p = (void ((*)()))mysql_query; return 0; }
/* end */

"gcc -o conftest -I/usr/local/opt/rbenv/versions/2.1.5/include/ruby-2.1.0/x86_64-linux -I/usr/local/opt/rbenv/versions/2.1.5/include/ruby-2.1.0/ruby/backward -I/usr/local/opt/rbenv/versions/2.1.5/include/ruby-2.1.0 -I. -I/usr/local/include     -O3 -fno-fast-math -ggdb3 -Wall -Wextra -Wno-unused-parameter -Wno-parentheses -Wno-long-long -Wno-missing-field-initializers -Wunused-variable -Wpointer-arith -Wwrite-strings -Wdeclaration-after-statement -Wimplicit-function-declaration  -fPIC conftest.c  -L. -L/usr/local/opt/rbenv/versions/2.1.5/lib -Wl,-R/usr/local/opt/rbenv/versions/2.1.5/lib -L/usr/local/lib -Wl,-R/usr/local/lib -L. -fstack-protector -rdynamic -Wl,-export-dynamic     -Wl,-rpath,'/../lib' -Wl,-R -Wl,'/../lib' -L'/../lib' -lruby -lmysqlclient  -lpthread -ldl -lcrypt -lm   -lc"
conftest.c: In function ‘t’:
conftest.c:13:1: warning: implicit declaration of function ‘mysql_query’ [-Wimplicit-function-declaration]
 int t(void) { mysql_query(); return 0; }
 ^
/usr/bin/ld: cannot find -lmysqlclient
collect2: error: ld returned 1 exit status
checked program was:
/* begin */
 1: #include "ruby.h"
 2: 
 3: /*top*/
 4: extern int t(void);
 5: int main(int argc, char **argv)
 6: {
 7:   if (argc > 1000000) {
 8:     printf("%p", &t);
 9:   }
10: 
11:   return 0;
12: }
13: int t(void) { mysql_query(); return 0; }
/* end */

"gcc -o conftest -I/usr/local/opt/rbenv/versions/2.1.5/include/ruby-2.1.0/x86_64-linux -I/usr/local/opt/rbenv/versions/2.1.5/include/ruby-2.1.0/ruby/backward -I/usr/local/opt/rbenv/versions/2.1.5/include/ruby-2.1.0 -I. -I/usr/local/include     -O3 -fno-fast-math -ggdb3 -Wall -Wextra -Wno-unused-parameter -Wno-parentheses -Wno-long-long -Wno-missing-field-initializers -Wunused-variable -Wpointer-arith -Wwrite-strings -Wdeclaration-after-statement -Wimplicit-function-declaration  -fPIC conftest.c  -L. -L/usr/local/opt/rbenv/versions/2.1.5/lib -Wl,-R/usr/local/opt/rbenv/versions/2.1.5/lib -L/usr/local/lib -Wl,-R/usr/local/lib -L/usr/local/lib/mysql -Wl,-R/usr/local/lib/mysql -L. -fstack-protector -rdynamic -Wl,-export-dynamic     -Wl,-rpath,'/../lib' -Wl,-R -Wl,'/../lib' -L'/../lib' -lruby -lmysqlclient  -lpthread -ldl -lcrypt -lm   -lc"
conftest.c: In function ‘t’:
conftest.c:13:57: error: ‘mysql_query’ undeclared (first use in this function)
 int t(void) { void ((*volatile p)()); p = (void ((*)()))mysql_query; return 0; }
                                                         ^
conftest.c:13:57: note: each undeclared identifier is reported only once for each function it appears in
conftest.c:13:32: warning: variable ‘p’ set but not used [-Wunused-but-set-variable]
 int t(void) { void ((*volatile p)()); p = (void ((*)()))mysql_query; return 0; }
                                ^
checked program was:
/* begin */
 1: #include "ruby.h"
 2: 
 3: /*top*/
 4: extern int t(void);
 5: int main(int argc, char **argv)
 6: {
 7:   if (argc > 1000000) {
 8:     printf("%p", &t);
 9:   }
10: 
11:   return 0;
12: }
13: int t(void) { void ((*volatile p)()); p = (void ((*)()))mysql_query; return 0; }
/* end */

"gcc -o conftest -I/usr/local/opt/rbenv/versions/2.1.5/include/ruby-2.1.0/x86_64-linux -I/usr/local/opt/rbenv/versions/2.1.5/include/ruby-2.1.0/ruby/backward -I/usr/local/opt/rbenv/versions/2.1.5/include/ruby-2.1.0 -I. -I/usr/local/include     -O3 -fno-fast-math -ggdb3 -Wall -Wextra -Wno-unused-parameter -Wno-parentheses -Wno-long-long -Wno-missing-field-initializers -Wunused-variable -Wpointer-arith -Wwrite-strings -Wdeclaration-after-statement -Wimplicit-function-declaration  -fPIC conftest.c  -L. -L/usr/local/opt/rbenv/versions/2.1.5/lib -Wl,-R/usr/local/opt/rbenv/versions/2.1.5/lib -L/usr/local/lib -Wl,-R/usr/local/lib -L/usr/local/lib/mysql -Wl,-R/usr/local/lib/mysql -L. -fstack-protector -rdynamic -Wl,-export-dynamic     -Wl,-rpath,'/../lib' -Wl,-R -Wl,'/../lib' -L'/../lib' -lruby -lmysqlclient  -lpthread -ldl -lcrypt -lm   -lc"
conftest.c: In function ‘t’:
conftest.c:13:1: warning: implicit declaration of function ‘mysql_query’ [-Wimplicit-function-declaration]
 int t(void) { mysql_query(); return 0; }
 ^
/usr/bin/ld: cannot find -lmysqlclient
collect2: error: ld returned 1 exit status
checked program was:
/* begin */
 1: #include "ruby.h"
 2: 
 3: /*top*/
 4: extern int t(void);
 5: int main(int argc, char **argv)
 6: {
 7:   if (argc > 1000000) {
 8:     printf("%p", &t);
 9:   }
10: 
11:   return 0;
12: }
13: int t(void) { mysql_query(); return 0; }
/* end */

--------------------

have_library: checking for main() in -lm... -------------------- yes

"gcc -o conftest -I/usr/local/opt/rbenv/versions/2.1.5/include/ruby-2.1.0/x86_64-linux -I/usr/local/opt/rbenv/versions/2.1.5/include/ruby-2.1.0/ruby/backward -I/usr/local/opt/rbenv/versions/2.1.5/include/ruby-2.1.0 -I. -I/usr/local/include     -O3 -fno-fast-math -ggdb3 -Wall -Wextra -Wno-unused-parameter -Wno-parentheses -Wno-long-long -Wno-missing-field-initializers -Wunused-variable -Wpointer-arith -Wwrite-strings -Wdeclaration-after-statement -Wimplicit-function-declaration  -fPIC conftest.c  -L. -L/usr/local/opt/rbenv/versions/2.1.5/lib -Wl,-R/usr/local/opt/rbenv/versions/2.1.5/lib -L/usr/local/lib -Wl,-R/usr/local/lib -L. -fstack-protector -rdynamic -Wl,-export-dynamic     -Wl,-rpath,'/../lib' -Wl,-R -Wl,'/../lib' -L'/../lib' -lruby -lm  -lpthread -ldl -lcrypt -lm   -lc"
conftest.c: In function ‘t’:
conftest.c:13:32: warning: variable ‘p’ set but not used [-Wunused-but-set-variable]
 int t(void) { void ((*volatile p)()); p = (void ((*)()))main; return 0; }
                                ^
checked program was:
/* begin */
 1: #include "ruby.h"
 2: 
 3: /*top*/
 4: extern int t(void);
 5: int main(int argc, char **argv)
 6: {
 7:   if (argc > 1000000) {
 8:     printf("%p", &t);
 9:   }
10: 
11:   return 0;
12: }
13: int t(void) { void ((*volatile p)()); p = (void ((*)()))main; return 0; }
/* end */

--------------------

find_library: checking for mysql_query() in -lmysqlclient... -------------------- no

"gcc -o conftest -I/usr/local/opt/rbenv/versions/2.1.5/include/ruby-2.1.0/x86_64-linux -I/usr/local/opt/rbenv/versions/2.1.5/include/ruby-2.1.0/ruby/backward -I/usr/local/opt/rbenv/versions/2.1.5/include/ruby-2.1.0 -I. -I/usr/local/include     -O3 -fno-fast-math -ggdb3 -Wall -Wextra -Wno-unused-parameter -Wno-parentheses -Wno-long-long -Wno-missing-field-initializers -Wunused-variable -Wpointer-arith -Wwrite-strings -Wdeclaration-after-statement -Wimplicit-function-declaration  -fPIC conftest.c  -L. -L/usr/local/opt/rbenv/versions/2.1.5/lib -Wl,-R/usr/local/opt/rbenv/versions/2.1.5/lib -L/usr/local/lib -Wl,-R/usr/local/lib -L. -fstack-protector -rdynamic -Wl,-export-dynamic    -lm  -Wl,-rpath,'/../lib' -Wl,-R -Wl,'/../lib' -L'/../lib' -lruby -lmysqlclient -lm  -lpthread -ldl -lcrypt -lm   -lc"
conftest.c: In function ‘t’:
conftest.c:13:57: error: ‘mysql_query’ undeclared (first use in this function)
 int t(void) { void ((*volatile p)()); p = (void ((*)()))mysql_query; return 0; }
                                                         ^
conftest.c:13:57: note: each undeclared identifier is reported only once for each function it appears in
conftest.c:13:32: warning: variable ‘p’ set but not used [-Wunused-but-set-variable]
 int t(void) { void ((*volatile p)()); p = (void ((*)()))mysql_query; return 0; }
                                ^
checked program was:
/* begin */
 1: #include "ruby.h"
 2: 
 3: /*top*/
 4: extern int t(void);
 5: int main(int argc, char **argv)
 6: {
 7:   if (argc > 1000000) {
 8:     printf("%p", &t);
 9:   }
10: 
11:   return 0;
12: }
13: int t(void) { void ((*volatile p)()); p = (void ((*)()))mysql_query; return 0; }
/* end */

"gcc -o conftest -I/usr/local/opt/rbenv/versions/2.1.5/include/ruby-2.1.0/x86_64-linux -I/usr/local/opt/rbenv/versions/2.1.5/include/ruby-2.1.0/ruby/backward -I/usr/local/opt/rbenv/versions/2.1.5/include/ruby-2.1.0 -I. -I/usr/local/include     -O3 -fno-fast-math -ggdb3 -Wall -Wextra -Wno-unused-parameter -Wno-parentheses -Wno-long-long -Wno-missing-field-initializers -Wunused-variable -Wpointer-arith -Wwrite-strings -Wdeclaration-after-statement -Wimplicit-function-declaration  -fPIC conftest.c  -L. -L/usr/local/opt/rbenv/versions/2.1.5/lib -Wl,-R/usr/local/opt/rbenv/versions/2.1.5/lib -L/usr/local/lib -Wl,-R/usr/local/lib -L. -fstack-protector -rdynamic -Wl,-export-dynamic    -lm  -Wl,-rpath,'/../lib' -Wl,-R -Wl,'/../lib' -L'/../lib' -lruby -lmysqlclient -lm  -lpthread -ldl -lcrypt -lm   -lc"
conftest.c: In function ‘t’:
conftest.c:13:1: warning: implicit declaration of function ‘mysql_query’ [-Wimplicit-function-declaration]
 int t(void) { mysql_query(); return 0; }
 ^
/usr/bin/ld: cannot find -lmysqlclient
collect2: error: ld returned 1 exit status
checked program was:
/* begin */
 1: #include "ruby.h"
 2: 
 3: /*top*/
 4: extern int t(void);
 5: int main(int argc, char **argv)
 6: {
 7:   if (argc > 1000000) {
 8:     printf("%p", &t);
 9:   }
10: 
11:   return 0;
12: }
13: int t(void) { mysql_query(); return 0; }
/* end */

"gcc -o conftest -I/usr/local/opt/rbenv/versions/2.1.5/include/ruby-2.1.0/x86_64-linux -I/usr/local/opt/rbenv/versions/2.1.5/include/ruby-2.1.0/ruby/backward -I/usr/local/opt/rbenv/versions/2.1.5/include/ruby-2.1.0 -I. -I/usr/local/include     -O3 -fno-fast-math -ggdb3 -Wall -Wextra -Wno-unused-parameter -Wno-parentheses -Wno-long-long -Wno-missing-field-initializers -Wunused-variable -Wpointer-arith -Wwrite-strings -Wdeclaration-after-statement -Wimplicit-function-declaration  -fPIC conftest.c  -L. -L/usr/local/opt/rbenv/versions/2.1.5/lib -Wl,-R/usr/local/opt/rbenv/versions/2.1.5/lib -L/usr/local/lib -Wl,-R/usr/local/lib -L. -fstack-protector -rdynamic -Wl,-export-dynamic    -lm  -Wl,-rpath,'/../lib' -Wl,-R -Wl,'/../lib' -L'/../lib' -lruby -lmysqlclient -lm  -lpthread -ldl -lcrypt -lm   -lc"
conftest.c: In function ‘t’:
conftest.c:13:57: error: ‘mysql_query’ undeclared (first use in this function)
 int t(void) { void ((*volatile p)()); p = (void ((*)()))mysql_query; return 0; }
                                                         ^
conftest.c:13:57: note: each undeclared identifier is reported only once for each function it appears in
conftest.c:13:32: warning: variable ‘p’ set but not used [-Wunused-but-set-variable]
 int t(void) { void ((*volatile p)()); p = (void ((*)()))mysql_query; return 0; }
                                ^
checked program was:
/* begin */
 1: #include "ruby.h"
 2: 
 3: /*top*/
 4: extern int t(void);
 5: int main(int argc, char **argv)
 6: {
 7:   if (argc > 1000000) {
 8:     printf("%p", &t);
 9:   }
10: 
11:   return 0;
12: }
13: int t(void) { void ((*volatile p)()); p = (void ((*)()))mysql_query; return 0; }
/* end */

"gcc -o conftest -I/usr/local/opt/rbenv/versions/2.1.5/include/ruby-2.1.0/x86_64-linux -I/usr/local/opt/rbenv/versions/2.1.5/include/ruby-2.1.0/ruby/backward -I/usr/local/opt/rbenv/versions/2.1.5/include/ruby-2.1.0 -I. -I/usr/local/include     -O3 -fno-fast-math -ggdb3 -Wall -Wextra -Wno-unused-parameter -Wno-parentheses -Wno-long-long -Wno-missing-field-initializers -Wunused-variable -Wpointer-arith -Wwrite-strings -Wdeclaration-after-statement -Wimplicit-function-declaration  -fPIC conftest.c  -L. -L/usr/local/opt/rbenv/versions/2.1.5/lib -Wl,-R/usr/local/opt/rbenv/versions/2.1.5/lib -L/usr/local/lib -Wl,-R/usr/local/lib -L. -fstack-protector -rdynamic -Wl,-export-dynamic    -lm  -Wl,-rpath,'/../lib' -Wl,-R -Wl,'/../lib' -L'/../lib' -lruby -lmysqlclient -lm  -lpthread -ldl -lcrypt -lm   -lc"
conftest.c: In function ‘t’:
conftest.c:13:1: warning: implicit declaration of function ‘mysql_query’ [-Wimplicit-function-declaration]
 int t(void) { mysql_query(); return 0; }
 ^
/usr/bin/ld: cannot find -lmysqlclient
collect2: error: ld returned 1 exit status
checked program was:
/* begin */
 1: #include "ruby.h"
 2: 
 3: /*top*/
 4: extern int t(void);
 5: int main(int argc, char **argv)
 6: {
 7:   if (argc > 1000000) {
 8:     printf("%p", &t);
 9:   }
10: 
11:   return 0;
12: }
13: int t(void) { mysql_query(); return 0; }
/* end */

"gcc -o conftest -I/usr/local/opt/rbenv/versions/2.1.5/include/ruby-2.1.0/x86_64-linux -I/usr/local/opt/rbenv/versions/2.1.5/include/ruby-2.1.0/ruby/backward -I/usr/local/opt/rbenv/versions/2.1.5/include/ruby-2.1.0 -I. -I/usr/local/include     -O3 -fno-fast-math -ggdb3 -Wall -Wextra -Wno-unused-parameter -Wno-parentheses -Wno-long-long -Wno-missing-field-initializers -Wunused-variable -Wpointer-arith -Wwrite-strings -Wdeclaration-after-statement -Wimplicit-function-declaration  -fPIC conftest.c  -L. -L/usr/local/opt/rbenv/versions/2.1.5/lib -Wl,-R/usr/local/opt/rbenv/versions/2.1.5/lib -L/usr/local/lib -Wl,-R/usr/local/lib -L/usr/local/lib/mysql -Wl,-R/usr/local/lib/mysql -L. -fstack-protector -rdynamic -Wl,-export-dynamic    -lm  -Wl,-rpath,'/../lib' -Wl,-R -Wl,'/../lib' -L'/../lib' -lruby -lmysqlclient -lm  -lpthread -ldl -lcrypt -lm   -lc"
conftest.c: In function ‘t’:
conftest.c:13:57: error: ‘mysql_query’ undeclared (first use in this function)
 int t(void) { void ((*volatile p)()); p = (void ((*)()))mysql_query; return 0; }
                                                         ^
conftest.c:13:57: note: each undeclared identifier is reported only once for each function it appears in
conftest.c:13:32: warning: variable ‘p’ set but not used [-Wunused-but-set-variable]
 int t(void) { void ((*volatile p)()); p = (void ((*)()))mysql_query; return 0; }
                                ^
checked program was:
/* begin */
 1: #include "ruby.h"
 2: 
 3: /*top*/
 4: extern int t(void);
 5: int main(int argc, char **argv)
 6: {
 7:   if (argc > 1000000) {
 8:     printf("%p", &t);
 9:   }
10: 
11:   return 0;
12: }
13: int t(void) { void ((*volatile p)()); p = (void ((*)()))mysql_query; return 0; }
/* end */

"gcc -o conftest -I/usr/local/opt/rbenv/versions/2.1.5/include/ruby-2.1.0/x86_64-linux -I/usr/local/opt/rbenv/versions/2.1.5/include/ruby-2.1.0/ruby/backward -I/usr/local/opt/rbenv/versions/2.1.5/include/ruby-2.1.0 -I. -I/usr/local/include     -O3 -fno-fast-math -ggdb3 -Wall -Wextra -Wno-unused-parameter -Wno-parentheses -Wno-long-long -Wno-missing-field-initializers -Wunused-variable -Wpointer-arith -Wwrite-strings -Wdeclaration-after-statement -Wimplicit-function-declaration  -fPIC conftest.c  -L. -L/usr/local/opt/rbenv/versions/2.1.5/lib -Wl,-R/usr/local/opt/rbenv/versions/2.1.5/lib -L/usr/local/lib -Wl,-R/usr/local/lib -L/usr/local/lib/mysql -Wl,-R/usr/local/lib/mysql -L. -fstack-protector -rdynamic -Wl,-export-dynamic    -lm  -Wl,-rpath,'/../lib' -Wl,-R -Wl,'/../lib' -L'/../lib' -lruby -lmysqlclient -lm  -lpthread -ldl -lcrypt -lm   -lc"
conftest.c: In function ‘t’:
conftest.c:13:1: warning: implicit declaration of function ‘mysql_query’ [-Wimplicit-function-declaration]
 int t(void) { mysql_query(); return 0; }
 ^
/usr/bin/ld: cannot find -lmysqlclient
collect2: error: ld returned 1 exit status
checked program was:
/* begin */
 1: #include "ruby.h"
 2: 
 3: /*top*/
 4: extern int t(void);
 5: int main(int argc, char **argv)
 6: {
 7:   if (argc > 1000000) {
 8:     printf("%p", &t);
 9:   }
10: 
11:   return 0;
12: }
13: int t(void) { mysql_query(); return 0; }
/* end */

--------------------

have_library: checking for main() in -lz... -------------------- yes

"gcc -o conftest -I/usr/local/opt/rbenv/versions/2.1.5/include/ruby-2.1.0/x86_64-linux -I/usr/local/opt/rbenv/versions/2.1.5/include/ruby-2.1.0/ruby/backward -I/usr/local/opt/rbenv/versions/2.1.5/include/ruby-2.1.0 -I. -I/usr/local/include     -O3 -fno-fast-math -ggdb3 -Wall -Wextra -Wno-unused-parameter -Wno-parentheses -Wno-long-long -Wno-missing-field-initializers -Wunused-variable -Wpointer-arith -Wwrite-strings -Wdeclaration-after-statement -Wimplicit-function-declaration  -fPIC conftest.c  -L. -L/usr/local/opt/rbenv/versions/2.1.5/lib -Wl,-R/usr/local/opt/rbenv/versions/2.1.5/lib -L/usr/local/lib -Wl,-R/usr/local/lib -L. -fstack-protector -rdynamic -Wl,-export-dynamic    -lm  -Wl,-rpath,'/../lib' -Wl,-R -Wl,'/../lib' -L'/../lib' -lruby -lz -lm  -lpthread -ldl -lcrypt -lm   -lc"
conftest.c: In function ‘t’:
conftest.c:13:32: warning: variable ‘p’ set but not used [-Wunused-but-set-variable]
 int t(void) { void ((*volatile p)()); p = (void ((*)()))main; return 0; }
                                ^
checked program was:
/* begin */
 1: #include "ruby.h"
 2: 
 3: /*top*/
 4: extern int t(void);
 5: int main(int argc, char **argv)
 6: {
 7:   if (argc > 1000000) {
 8:     printf("%p", &t);
 9:   }
10: 
11:   return 0;
12: }
13: int t(void) { void ((*volatile p)()); p = (void ((*)()))main; return 0; }
/* end */

--------------------

find_library: checking for mysql_query() in -lmysqlclient... -------------------- no

"gcc -o conftest -I/usr/local/opt/rbenv/versions/2.1.5/include/ruby-2.1.0/x86_64-linux -I/usr/local/opt/rbenv/versions/2.1.5/include/ruby-2.1.0/ruby/backward -I/usr/local/opt/rbenv/versions/2.1.5/include/ruby-2.1.0 -I. -I/usr/local/include     -O3 -fno-fast-math -ggdb3 -Wall -Wextra -Wno-unused-parameter -Wno-parentheses -Wno-long-long -Wno-missing-field-initializers -Wunused-variable -Wpointer-arith -Wwrite-strings -Wdeclaration-after-statement -Wimplicit-function-declaration  -fPIC conftest.c  -L. -L/usr/local/opt/rbenv/versions/2.1.5/lib -Wl,-R/usr/local/opt/rbenv/versions/2.1.5/lib -L/usr/local/lib -Wl,-R/usr/local/lib -L. -fstack-protector -rdynamic -Wl,-export-dynamic    -lz -lm  -Wl,-rpath,'/../lib' -Wl,-R -Wl,'/../lib' -L'/../lib' -lruby -lmysqlclient -lz -lm  -lpthread -ldl -lcrypt -lm   -lc"
conftest.c: In function ‘t’:
conftest.c:13:57: error: ‘mysql_query’ undeclared (first use in this function)
 int t(void) { void ((*volatile p)()); p = (void ((*)()))mysql_query; return 0; }
                                                         ^
conftest.c:13:57: note: each undeclared identifier is reported only once for each function it appears in
conftest.c:13:32: warning: variable ‘p’ set but not used [-Wunused-but-set-variable]
 int t(void) { void ((*volatile p)()); p = (void ((*)()))mysql_query; return 0; }
                                ^
checked program was:
/* begin */
 1: #include "ruby.h"
 2: 
 3: /*top*/
 4: extern int t(void);
 5: int main(int argc, char **argv)
 6: {
 7:   if (argc > 1000000) {
 8:     printf("%p", &t);
 9:   }
10: 
11:   return 0;
12: }
13: int t(void) { void ((*volatile p)()); p = (void ((*)()))mysql_query; return 0; }
/* end */

"gcc -o conftest -I/usr/local/opt/rbenv/versions/2.1.5/include/ruby-2.1.0/x86_64-linux -I/usr/local/opt/rbenv/versions/2.1.5/include/ruby-2.1.0/ruby/backward -I/usr/local/opt/rbenv/versions/2.1.5/include/ruby-2.1.0 -I. -I/usr/local/include     -O3 -fno-fast-math -ggdb3 -Wall -Wextra -Wno-unused-parameter -Wno-parentheses -Wno-long-long -Wno-missing-field-initializers -Wunused-variable -Wpointer-arith -Wwrite-strings -Wdeclaration-after-statement -Wimplicit-function-declaration  -fPIC conftest.c  -L. -L/usr/local/opt/rbenv/versions/2.1.5/lib -Wl,-R/usr/local/opt/rbenv/versions/2.1.5/lib -L/usr/local/lib -Wl,-R/usr/local/lib -L. -fstack-protector -rdynamic -Wl,-export-dynamic    -lz -lm  -Wl,-rpath,'/../lib' -Wl,-R -Wl,'/../lib' -L'/../lib' -lruby -lmysqlclient -lz -lm  -lpthread -ldl -lcrypt -lm   -lc"
conftest.c: In function ‘t’:
conftest.c:13:1: warning: implicit declaration of function ‘mysql_query’ [-Wimplicit-function-declaration]
 int t(void) { mysql_query(); return 0; }
 ^
/usr/bin/ld: cannot find -lmysqlclient
collect2: error: ld returned 1 exit status
checked program was:
/* begin */
 1: #include "ruby.h"
 2: 
 3: /*top*/
 4: extern int t(void);
 5: int main(int argc, char **argv)
 6: {
 7:   if (argc > 1000000) {
 8:     printf("%p", &t);
 9:   }
10: 
11:   return 0;
12: }
13: int t(void) { mysql_query(); return 0; }
/* end */

"gcc -o conftest -I/usr/local/opt/rbenv/versions/2.1.5/include/ruby-2.1.0/x86_64-linux -I/usr/local/opt/rbenv/versions/2.1.5/include/ruby-2.1.0/ruby/backward -I/usr/local/opt/rbenv/versions/2.1.5/include/ruby-2.1.0 -I. -I/usr/local/include     -O3 -fno-fast-math -ggdb3 -Wall -Wextra -Wno-unused-parameter -Wno-parentheses -Wno-long-long -Wno-missing-field-initializers -Wunused-variable -Wpointer-arith -Wwrite-strings -Wdeclaration-after-statement -Wimplicit-function-declaration  -fPIC conftest.c  -L. -L/usr/local/opt/rbenv/versions/2.1.5/lib -Wl,-R/usr/local/opt/rbenv/versions/2.1.5/lib -L/usr/local/lib -Wl,-R/usr/local/lib -L. -fstack-protector -rdynamic -Wl,-export-dynamic    -lz -lm  -Wl,-rpath,'/../lib' -Wl,-R -Wl,'/../lib' -L'/../lib' -lruby -lmysqlclient -lz -lm  -lpthread -ldl -lcrypt -lm   -lc"
conftest.c: In function ‘t’:
conftest.c:13:57: error: ‘mysql_query’ undeclared (first use in this function)
 int t(void) { void ((*volatile p)()); p = (void ((*)()))mysql_query; return 0; }
                                                         ^
conftest.c:13:57: note: each undeclared identifier is reported only once for each function it appears in
conftest.c:13:32: warning: variable ‘p’ set but not used [-Wunused-but-set-variable]
 int t(void) { void ((*volatile p)()); p = (void ((*)()))mysql_query; return 0; }
                                ^
checked program was:
/* begin */
 1: #include "ruby.h"
 2: 
 3: /*top*/
 4: extern int t(void);
 5: int main(int argc, char **argv)
 6: {
 7:   if (argc > 1000000) {
 8:     printf("%p", &t);
 9:   }
10: 
11:   return 0;
12: }
13: int t(void) { void ((*volatile p)()); p = (void ((*)()))mysql_query; return 0; }
/* end */

"gcc -o conftest -I/usr/local/opt/rbenv/versions/2.1.5/include/ruby-2.1.0/x86_64-linux -I/usr/local/opt/rbenv/versions/2.1.5/include/ruby-2.1.0/ruby/backward -I/usr/local/opt/rbenv/versions/2.1.5/include/ruby-2.1.0 -I. -I/usr/local/include     -O3 -fno-fast-math -ggdb3 -Wall -Wextra -Wno-unused-parameter -Wno-parentheses -Wno-long-long -Wno-missing-field-initializers -Wunused-variable -Wpointer-arith -Wwrite-strings -Wdeclaration-after-statement -Wimplicit-function-declaration  -fPIC conftest.c  -L. -L/usr/local/opt/rbenv/versions/2.1.5/lib -Wl,-R/usr/local/opt/rbenv/versions/2.1.5/lib -L/usr/local/lib -Wl,-R/usr/local/lib -L. -fstack-protector -rdynamic -Wl,-export-dynamic    -lz -lm  -Wl,-rpath,'/../lib' -Wl,-R -Wl,'/../lib' -L'/../lib' -lruby -lmysqlclient -lz -lm  -lpthread -ldl -lcrypt -lm   -lc"
conftest.c: In function ‘t’:
conftest.c:13:1: warning: implicit declaration of function ‘mysql_query’ [-Wimplicit-function-declaration]
 int t(void) { mysql_query(); return 0; }
 ^
/usr/bin/ld: cannot find -lmysqlclient
collect2: error: ld returned 1 exit status
checked program was:
/* begin */
 1: #include "ruby.h"
 2: 
 3: /*top*/
 4: extern int t(void);
 5: int main(int argc, char **argv)
 6: {
 7:   if (argc > 1000000) {
 8:     printf("%p", &t);
 9:   }
10: 
11:   return 0;
12: }
13: int t(void) { mysql_query(); return 0; }
/* end */

"gcc -o conftest -I/usr/local/opt/rbenv/versions/2.1.5/include/ruby-2.1.0/x86_64-linux -I/usr/local/opt/rbenv/versions/2.1.5/include/ruby-2.1.0/ruby/backward -I/usr/local/opt/rbenv/versions/2.1.5/include/ruby-2.1.0 -I. -I/usr/local/include     -O3 -fno-fast-math -ggdb3 -Wall -Wextra -Wno-unused-parameter -Wno-parentheses -Wno-long-long -Wno-missing-field-initializers -Wunused-variable -Wpointer-arith -Wwrite-strings -Wdeclaration-after-statement -Wimplicit-function-declaration  -fPIC conftest.c  -L. -L/usr/local/opt/rbenv/versions/2.1.5/lib -Wl,-R/usr/local/opt/rbenv/versions/2.1.5/lib -L/usr/local/lib -Wl,-R/usr/local/lib -L/usr/local/lib/mysql -Wl,-R/usr/local/lib/mysql -L. -fstack-protector -rdynamic -Wl,-export-dynamic    -lz -lm  -Wl,-rpath,'/../lib' -Wl,-R -Wl,'/../lib' -L'/../lib' -lruby -lmysqlclient -lz -lm  -lpthread -ldl -lcrypt -lm   -lc"
conftest.c: In function ‘t’:
conftest.c:13:57: error: ‘mysql_query’ undeclared (first use in this function)
 int t(void) { void ((*volatile p)()); p = (void ((*)()))mysql_query; return 0; }
                                                         ^
conftest.c:13:57: note: each undeclared identifier is reported only once for each function it appears in
conftest.c:13:32: warning: variable ‘p’ set but not used [-Wunused-but-set-variable]
 int t(void) { void ((*volatile p)()); p = (void ((*)()))mysql_query; return 0; }
                                ^
checked program was:
/* begin */
 1: #include "ruby.h"
 2: 
 3: /*top*/
 4: extern int t(void);
 5: int main(int argc, char **argv)
 6: {
 7:   if (argc > 1000000) {
 8:     printf("%p", &t);
 9:   }
10: 
11:   return 0;
12: }
13: int t(void) { void ((*volatile p)()); p = (void ((*)()))mysql_query; return 0; }
/* end */

"gcc -o conftest -I/usr/local/opt/rbenv/versions/2.1.5/include/ruby-2.1.0/x86_64-linux -I/usr/local/opt/rbenv/versions/2.1.5/include/ruby-2.1.0/ruby/backward -I/usr/local/opt/rbenv/versions/2.1.5/include/ruby-2.1.0 -I. -I/usr/local/include     -O3 -fno-fast-math -ggdb3 -Wall -Wextra -Wno-unused-parameter -Wno-parentheses -Wno-long-long -Wno-missing-field-initializers -Wunused-variable -Wpointer-arith -Wwrite-strings -Wdeclaration-after-statement -Wimplicit-function-declaration  -fPIC conftest.c  -L. -L/usr/local/opt/rbenv/versions/2.1.5/lib -Wl,-R/usr/local/opt/rbenv/versions/2.1.5/lib -L/usr/local/lib -Wl,-R/usr/local/lib -L/usr/local/lib/mysql -Wl,-R/usr/local/lib/mysql -L. -fstack-protector -rdynamic -Wl,-export-dynamic    -lz -lm  -Wl,-rpath,'/../lib' -Wl,-R -Wl,'/../lib' -L'/../lib' -lruby -lmysqlclient -lz -lm  -lpthread -ldl -lcrypt -lm   -lc"
conftest.c: In function ‘t’:
conftest.c:13:1: warning: implicit declaration of function ‘mysql_query’ [-Wimplicit-function-declaration]
 int t(void) { mysql_query(); return 0; }
 ^
/usr/bin/ld: cannot find -lmysqlclient
collect2: error: ld returned 1 exit status
checked program was:
/* begin */
 1: #include "ruby.h"
 2: 
 3: /*top*/
 4: extern int t(void);
 5: int main(int argc, char **argv)
 6: {
 7:   if (argc > 1000000) {
 8:     printf("%p", &t);
 9:   }
10: 
11:   return 0;
12: }
13: int t(void) { mysql_query(); return 0; }
/* end */

--------------------

have_library: checking for main() in -lsocket... -------------------- no

"gcc -o conftest -I/usr/local/opt/rbenv/versions/2.1.5/include/ruby-2.1.0/x86_64-linux -I/usr/local/opt/rbenv/versions/2.1.5/include/ruby-2.1.0/ruby/backward -I/usr/local/opt/rbenv/versions/2.1.5/include/ruby-2.1.0 -I. -I/usr/local/include     -O3 -fno-fast-math -ggdb3 -Wall -Wextra -Wno-unused-parameter -Wno-parentheses -Wno-long-long -Wno-missing-field-initializers -Wunused-variable -Wpointer-arith -Wwrite-strings -Wdeclaration-after-statement -Wimplicit-function-declaration  -fPIC conftest.c  -L. -L/usr/local/opt/rbenv/versions/2.1.5/lib -Wl,-R/usr/local/opt/rbenv/versions/2.1.5/lib -L/usr/local/lib -Wl,-R/usr/local/lib -L. -fstack-protector -rdynamic -Wl,-export-dynamic    -lz -lm  -Wl,-rpath,'/../lib' -Wl,-R -Wl,'/../lib' -L'/../lib' -lruby -lsocket -lz -lm  -lpthread -ldl -lcrypt -lm   -lc"
conftest.c: In function ‘t’:
conftest.c:13:32: warning: variable ‘p’ set but not used [-Wunused-but-set-variable]
 int t(void) { void ((*volatile p)()); p = (void ((*)()))main; return 0; }
                                ^
/usr/bin/ld: cannot find -lsocket
collect2: error: ld returned 1 exit status
checked program was:
/* begin */
 1: #include "ruby.h"
 2: 
 3: /*top*/
 4: extern int t(void);
 5: int main(int argc, char **argv)
 6: {
 7:   if (argc > 1000000) {
 8:     printf("%p", &t);
 9:   }
10: 
11:   return 0;
12: }
13: int t(void) { void ((*volatile p)()); p = (void ((*)()))main; return 0; }
/* end */

"gcc -o conftest -I/usr/local/opt/rbenv/versions/2.1.5/include/ruby-2.1.0/x86_64-linux -I/usr/local/opt/rbenv/versions/2.1.5/include/ruby-2.1.0/ruby/backward -I/usr/local/opt/rbenv/versions/2.1.5/include/ruby-2.1.0 -I. -I/usr/local/include     -O3 -fno-fast-math -ggdb3 -Wall -Wextra -Wno-unused-parameter -Wno-parentheses -Wno-long-long -Wno-missing-field-initializers -Wunused-variable -Wpointer-arith -Wwrite-strings -Wdeclaration-after-statement -Wimplicit-function-declaration  -fPIC conftest.c  -L. -L/usr/local/opt/rbenv/versions/2.1.5/lib -Wl,-R/usr/local/opt/rbenv/versions/2.1.5/lib -L/usr/local/lib -Wl,-R/usr/local/lib -L. -fstack-protector -rdynamic -Wl,-export-dynamic    -lz -lm  -Wl,-rpath,'/../lib' -Wl,-R -Wl,'/../lib' -L'/../lib' -lruby -lsocket -lz -lm  -lpthread -ldl -lcrypt -lm   -lc"
conftest.c: In function ‘t’:
conftest.c:13:1: error: too few arguments to function ‘main’
 int t(void) { main(); return 0; }
 ^
conftest.c:5:5: note: declared here
 int main(int argc, char **argv)
     ^
checked program was:
/* begin */
 1: #include "ruby.h"
 2: 
 3: /*top*/
 4: extern int t(void);
 5: int main(int argc, char **argv)
 6: {
 7:   if (argc > 1000000) {
 8:     printf("%p", &t);
 9:   }
10: 
11:   return 0;
12: }
13: int t(void) { main(); return 0; }
/* end */

--------------------

find_library: checking for mysql_query() in -lmysqlclient... -------------------- no

"gcc -o conftest -I/usr/local/opt/rbenv/versions/2.1.5/include/ruby-2.1.0/x86_64-linux -I/usr/local/opt/rbenv/versions/2.1.5/include/ruby-2.1.0/ruby/backward -I/usr/local/opt/rbenv/versions/2.1.5/include/ruby-2.1.0 -I. -I/usr/local/include     -O3 -fno-fast-math -ggdb3 -Wall -Wextra -Wno-unused-parameter -Wno-parentheses -Wno-long-long -Wno-missing-field-initializers -Wunused-variable -Wpointer-arith -Wwrite-strings -Wdeclaration-after-statement -Wimplicit-function-declaration  -fPIC conftest.c  -L. -L/usr/local/opt/rbenv/versions/2.1.5/lib -Wl,-R/usr/local/opt/rbenv/versions/2.1.5/lib -L/usr/local/lib -Wl,-R/usr/local/lib -L. -fstack-protector -rdynamic -Wl,-export-dynamic    -lz -lm  -Wl,-rpath,'/../lib' -Wl,-R -Wl,'/../lib' -L'/../lib' -lruby -lmysqlclient -lz -lm  -lpthread -ldl -lcrypt -lm   -lc"
conftest.c: In function ‘t’:
conftest.c:13:57: error: ‘mysql_query’ undeclared (first use in this function)
 int t(void) { void ((*volatile p)()); p = (void ((*)()))mysql_query; return 0; }
                                                         ^
conftest.c:13:57: note: each undeclared identifier is reported only once for each function it appears in
conftest.c:13:32: warning: variable ‘p’ set but not used [-Wunused-but-set-variable]
 int t(void) { void ((*volatile p)()); p = (void ((*)()))mysql_query; return 0; }
                                ^
checked program was:
/* begin */
 1: #include "ruby.h"
 2: 
 3: /*top*/
 4: extern int t(void);
 5: int main(int argc, char **argv)
 6: {
 7:   if (argc > 1000000) {
 8:     printf("%p", &t);
 9:   }
10: 
11:   return 0;
12: }
13: int t(void) { void ((*volatile p)()); p = (void ((*)()))mysql_query; return 0; }
/* end */

"gcc -o conftest -I/usr/local/opt/rbenv/versions/2.1.5/include/ruby-2.1.0/x86_64-linux -I/usr/local/opt/rbenv/versions/2.1.5/include/ruby-2.1.0/ruby/backward -I/usr/local/opt/rbenv/versions/2.1.5/include/ruby-2.1.0 -I. -I/usr/local/include     -O3 -fno-fast-math -ggdb3 -Wall -Wextra -Wno-unused-parameter -Wno-parentheses -Wno-long-long -Wno-missing-field-initializers -Wunused-variable -Wpointer-arith -Wwrite-strings -Wdeclaration-after-statement -Wimplicit-function-declaration  -fPIC conftest.c  -L. -L/usr/local/opt/rbenv/versions/2.1.5/lib -Wl,-R/usr/local/opt/rbenv/versions/2.1.5/lib -L/usr/local/lib -Wl,-R/usr/local/lib -L. -fstack-protector -rdynamic -Wl,-export-dynamic    -lz -lm  -Wl,-rpath,'/../lib' -Wl,-R -Wl,'/../lib' -L'/../lib' -lruby -lmysqlclient -lz -lm  -lpthread -ldl -lcrypt -lm   -lc"
conftest.c: In function ‘t’:
conftest.c:13:1: warning: implicit declaration of function ‘mysql_query’ [-Wimplicit-function-declaration]
 int t(void) { mysql_query(); return 0; }
 ^
/usr/bin/ld: cannot find -lmysqlclient
collect2: error: ld returned 1 exit status
checked program was:
/* begin */
 1: #include "ruby.h"
 2: 
 3: /*top*/
 4: extern int t(void);
 5: int main(int argc, char **argv)
 6: {
 7:   if (argc > 1000000) {
 8:     printf("%p", &t);
 9:   }
10: 
11:   return 0;
12: }
13: int t(void) { mysql_query(); return 0; }
/* end */

"gcc -o conftest -I/usr/local/opt/rbenv/versions/2.1.5/include/ruby-2.1.0/x86_64-linux -I/usr/local/opt/rbenv/versions/2.1.5/include/ruby-2.1.0/ruby/backward -I/usr/local/opt/rbenv/versions/2.1.5/include/ruby-2.1.0 -I. -I/usr/local/include     -O3 -fno-fast-math -ggdb3 -Wall -Wextra -Wno-unused-parameter -Wno-parentheses -Wno-long-long -Wno-missing-field-initializers -Wunused-variable -Wpointer-arith -Wwrite-strings -Wdeclaration-after-statement -Wimplicit-function-declaration  -fPIC conftest.c  -L. -L/usr/local/opt/rbenv/versions/2.1.5/lib -Wl,-R/usr/local/opt/rbenv/versions/2.1.5/lib -L/usr/local/lib -Wl,-R/usr/local/lib -L. -fstack-protector -rdynamic -Wl,-export-dynamic    -lz -lm  -Wl,-rpath,'/../lib' -Wl,-R -Wl,'/../lib' -L'/../lib' -lruby -lmysqlclient -lz -lm  -lpthread -ldl -lcrypt -lm   -lc"
conftest.c: In function ‘t’:
conftest.c:13:57: error: ‘mysql_query’ undeclared (first use in this function)
 int t(void) { void ((*volatile p)()); p = (void ((*)()))mysql_query; return 0; }
                                                         ^
conftest.c:13:57: note: each undeclared identifier is reported only once for each function it appears in
conftest.c:13:32: warning: variable ‘p’ set but not used [-Wunused-but-set-variable]
 int t(void) { void ((*volatile p)()); p = (void ((*)()))mysql_query; return 0; }
                                ^
checked program was:
/* begin */
 1: #include "ruby.h"
 2: 
 3: /*top*/
 4: extern int t(void);
 5: int main(int argc, char **argv)
 6: {
 7:   if (argc > 1000000) {
 8:     printf("%p", &t);
 9:   }
10: 
11:   return 0;
12: }
13: int t(void) { void ((*volatile p)()); p = (void ((*)()))mysql_query; return 0; }
/* end */

"gcc -o conftest -I/usr/local/opt/rbenv/versions/2.1.5/include/ruby-2.1.0/x86_64-linux -I/usr/local/opt/rbenv/versions/2.1.5/include/ruby-2.1.0/ruby/backward -I/usr/local/opt/rbenv/versions/2.1.5/include/ruby-2.1.0 -I. -I/usr/local/include     -O3 -fno-fast-math -ggdb3 -Wall -Wextra -Wno-unused-parameter -Wno-parentheses -Wno-long-long -Wno-missing-field-initializers -Wunused-variable -Wpointer-arith -Wwrite-strings -Wdeclaration-after-statement -Wimplicit-function-declaration  -fPIC conftest.c  -L. -L/usr/local/opt/rbenv/versions/2.1.5/lib -Wl,-R/usr/local/opt/rbenv/versions/2.1.5/lib -L/usr/local/lib -Wl,-R/usr/local/lib -L. -fstack-protector -rdynamic -Wl,-export-dynamic    -lz -lm  -Wl,-rpath,'/../lib' -Wl,-R -Wl,'/../lib' -L'/../lib' -lruby -lmysqlclient -lz -lm  -lpthread -ldl -lcrypt -lm   -lc"
conftest.c: In function ‘t’:
conftest.c:13:1: warning: implicit declaration of function ‘mysql_query’ [-Wimplicit-function-declaration]
 int t(void) { mysql_query(); return 0; }
 ^
/usr/bin/ld: cannot find -lmysqlclient
collect2: error: ld returned 1 exit status
checked program was:
/* begin */
 1: #include "ruby.h"
 2: 
 3: /*top*/
 4: extern int t(void);
 5: int main(int argc, char **argv)
 6: {
 7:   if (argc > 1000000) {
 8:     printf("%p", &t);
 9:   }
10: 
11:   return 0;
12: }
13: int t(void) { mysql_query(); return 0; }
/* end */

"gcc -o conftest -I/usr/local/opt/rbenv/versions/2.1.5/include/ruby-2.1.0/x86_64-linux -I/usr/local/opt/rbenv/versions/2.1.5/include/ruby-2.1.0/ruby/backward -I/usr/local/opt/rbenv/versions/2.1.5/include/ruby-2.1.0 -I. -I/usr/local/include     -O3 -fno-fast-math -ggdb3 -Wall -Wextra -Wno-unused-parameter -Wno-parentheses -Wno-long-long -Wno-missing-field-initializers -Wunused-variable -Wpointer-arith -Wwrite-strings -Wdeclaration-after-statement -Wimplicit-function-declaration  -fPIC conftest.c  -L. -L/usr/local/opt/rbenv/versions/2.1.5/lib -Wl,-R/usr/local/opt/rbenv/versions/2.1.5/lib -L/usr/local/lib -Wl,-R/usr/local/lib -L/usr/local/lib/mysql -Wl,-R/usr/local/lib/mysql -L. -fstack-protector -rdynamic -Wl,-export-dynamic    -lz -lm  -Wl,-rpath,'/../lib' -Wl,-R -Wl,'/../lib' -L'/../lib' -lruby -lmysqlclient -lz -lm  -lpthread -ldl -lcrypt -lm   -lc"
conftest.c: In function ‘t’:
conftest.c:13:57: error: ‘mysql_query’ undeclared (first use in this function)
 int t(void) { void ((*volatile p)()); p = (void ((*)()))mysql_query; return 0; }
                                                         ^
conftest.c:13:57: note: each undeclared identifier is reported only once for each function it appears in
conftest.c:13:32: warning: variable ‘p’ set but not used [-Wunused-but-set-variable]
 int t(void) { void ((*volatile p)()); p = (void ((*)()))mysql_query; return 0; }
                                ^
checked program was:
/* begin */
 1: #include "ruby.h"
 2: 
 3: /*top*/
 4: extern int t(void);
 5: int main(int argc, char **argv)
 6: {
 7:   if (argc > 1000000) {
 8:     printf("%p", &t);
 9:   }
10: 
11:   return 0;
12: }
13: int t(void) { void ((*volatile p)()); p = (void ((*)()))mysql_query; return 0; }
/* end */

"gcc -o conftest -I/usr/local/opt/rbenv/versions/2.1.5/include/ruby-2.1.0/x86_64-linux -I/usr/local/opt/rbenv/versions/2.1.5/include/ruby-2.1.0/ruby/backward -I/usr/local/opt/rbenv/versions/2.1.5/include/ruby-2.1.0 -I. -I/usr/local/include     -O3 -fno-fast-math -ggdb3 -Wall -Wextra -Wno-unused-parameter -Wno-parentheses -Wno-long-long -Wno-missing-field-initializers -Wunused-variable -Wpointer-arith -Wwrite-strings -Wdeclaration-after-statement -Wimplicit-function-declaration  -fPIC conftest.c  -L. -L/usr/local/opt/rbenv/versions/2.1.5/lib -Wl,-R/usr/local/opt/rbenv/versions/2.1.5/lib -L/usr/local/lib -Wl,-R/usr/local/lib -L/usr/local/lib/mysql -Wl,-R/usr/local/lib/mysql -L. -fstack-protector -rdynamic -Wl,-export-dynamic    -lz -lm  -Wl,-rpath,'/../lib' -Wl,-R -Wl,'/../lib' -L'/../lib' -lruby -lmysqlclient -lz -lm  -lpthread -ldl -lcrypt -lm   -lc"
conftest.c: In function ‘t’:
conftest.c:13:1: warning: implicit declaration of function ‘mysql_query’ [-Wimplicit-function-declaration]
 int t(void) { mysql_query(); return 0; }
 ^
/usr/bin/ld: cannot find -lmysqlclient
collect2: error: ld returned 1 exit status
checked program was:
/* begin */
 1: #include "ruby.h"
 2: 
 3: /*top*/
 4: extern int t(void);
 5: int main(int argc, char **argv)
 6: {
 7:   if (argc > 1000000) {
 8:     printf("%p", &t);
 9:   }
10: 
11:   return 0;
12: }
13: int t(void) { mysql_query(); return 0; }
/* end */

--------------------

have_library: checking for main() in -lnsl... -------------------- yes

"gcc -o conftest -I/usr/local/opt/rbenv/versions/2.1.5/include/ruby-2.1.0/x86_64-linux -I/usr/local/opt/rbenv/versions/2.1.5/include/ruby-2.1.0/ruby/backward -I/usr/local/opt/rbenv/versions/2.1.5/include/ruby-2.1.0 -I. -I/usr/local/include     -O3 -fno-fast-math -ggdb3 -Wall -Wextra -Wno-unused-parameter -Wno-parentheses -Wno-long-long -Wno-missing-field-initializers -Wunused-variable -Wpointer-arith -Wwrite-strings -Wdeclaration-after-statement -Wimplicit-function-declaration  -fPIC conftest.c  -L. -L/usr/local/opt/rbenv/versions/2.1.5/lib -Wl,-R/usr/local/opt/rbenv/versions/2.1.5/lib -L/usr/local/lib -Wl,-R/usr/local/lib -L. -fstack-protector -rdynamic -Wl,-export-dynamic    -lz -lm  -Wl,-rpath,'/../lib' -Wl,-R -Wl,'/../lib' -L'/../lib' -lruby -lnsl -lz -lm  -lpthread -ldl -lcrypt -lm   -lc"
conftest.c: In function ‘t’:
conftest.c:13:32: warning: variable ‘p’ set but not used [-Wunused-but-set-variable]
 int t(void) { void ((*volatile p)()); p = (void ((*)()))main; return 0; }
                                ^
checked program was:
/* begin */
 1: #include "ruby.h"
 2: 
 3: /*top*/
 4: extern int t(void);
 5: int main(int argc, char **argv)
 6: {
 7:   if (argc > 1000000) {
 8:     printf("%p", &t);
 9:   }
10: 
11:   return 0;
12: }
13: int t(void) { void ((*volatile p)()); p = (void ((*)()))main; return 0; }
/* end */

--------------------

find_library: checking for mysql_query() in -lmysqlclient... -------------------- no

"gcc -o conftest -I/usr/local/opt/rbenv/versions/2.1.5/include/ruby-2.1.0/x86_64-linux -I/usr/local/opt/rbenv/versions/2.1.5/include/ruby-2.1.0/ruby/backward -I/usr/local/opt/rbenv/versions/2.1.5/include/ruby-2.1.0 -I. -I/usr/local/include     -O3 -fno-fast-math -ggdb3 -Wall -Wextra -Wno-unused-parameter -Wno-parentheses -Wno-long-long -Wno-missing-field-initializers -Wunused-variable -Wpointer-arith -Wwrite-strings -Wdeclaration-after-statement -Wimplicit-function-declaration  -fPIC conftest.c  -L. -L/usr/local/opt/rbenv/versions/2.1.5/lib -Wl,-R/usr/local/opt/rbenv/versions/2.1.5/lib -L/usr/local/lib -Wl,-R/usr/local/lib -L. -fstack-protector -rdynamic -Wl,-export-dynamic    -lnsl -lz -lm  -Wl,-rpath,'/../lib' -Wl,-R -Wl,'/../lib' -L'/../lib' -lruby -lmysqlclient -lnsl -lz -lm  -lpthread -ldl -lcrypt -lm   -lc"
conftest.c: In function ‘t’:
conftest.c:13:57: error: ‘mysql_query’ undeclared (first use in this function)
 int t(void) { void ((*volatile p)()); p = (void ((*)()))mysql_query; return 0; }
                                                         ^
conftest.c:13:57: note: each undeclared identifier is reported only once for each function it appears in
conftest.c:13:32: warning: variable ‘p’ set but not used [-Wunused-but-set-variable]
 int t(void) { void ((*volatile p)()); p = (void ((*)()))mysql_query; return 0; }
                                ^
checked program was:
/* begin */
 1: #include "ruby.h"
 2: 
 3: /*top*/
 4: extern int t(void);
 5: int main(int argc, char **argv)
 6: {
 7:   if (argc > 1000000) {
 8:     printf("%p", &t);
 9:   }
10: 
11:   return 0;
12: }
13: int t(void) { void ((*volatile p)()); p = (void ((*)()))mysql_query; return 0; }
/* end */

"gcc -o conftest -I/usr/local/opt/rbenv/versions/2.1.5/include/ruby-2.1.0/x86_64-linux -I/usr/local/opt/rbenv/versions/2.1.5/include/ruby-2.1.0/ruby/backward -I/usr/local/opt/rbenv/versions/2.1.5/include/ruby-2.1.0 -I. -I/usr/local/include     -O3 -fno-fast-math -ggdb3 -Wall -Wextra -Wno-unused-parameter -Wno-parentheses -Wno-long-long -Wno-missing-field-initializers -Wunused-variable -Wpointer-arith -Wwrite-strings -Wdeclaration-after-statement -Wimplicit-function-declaration  -fPIC conftest.c  -L. -L/usr/local/opt/rbenv/versions/2.1.5/lib -Wl,-R/usr/local/opt/rbenv/versions/2.1.5/lib -L/usr/local/lib -Wl,-R/usr/local/lib -L. -fstack-protector -rdynamic -Wl,-export-dynamic    -lnsl -lz -lm  -Wl,-rpath,'/../lib' -Wl,-R -Wl,'/../lib' -L'/../lib' -lruby -lmysqlclient -lnsl -lz -lm  -lpthread -ldl -lcrypt -lm   -lc"
conftest.c: In function ‘t’:
conftest.c:13:1: warning: implicit declaration of function ‘mysql_query’ [-Wimplicit-function-declaration]
 int t(void) { mysql_query(); return 0; }
 ^
/usr/bin/ld: cannot find -lmysqlclient
collect2: error: ld returned 1 exit status
checked program was:
/* begin */
 1: #include "ruby.h"
 2: 
 3: /*top*/
 4: extern int t(void);
 5: int main(int argc, char **argv)
 6: {
 7:   if (argc > 1000000) {
 8:     printf("%p", &t);
 9:   }
10: 
11:   return 0;
12: }
13: int t(void) { mysql_query(); return 0; }
/* end */

"gcc -o conftest -I/usr/local/opt/rbenv/versions/2.1.5/include/ruby-2.1.0/x86_64-linux -I/usr/local/opt/rbenv/versions/2.1.5/include/ruby-2.1.0/ruby/backward -I/usr/local/opt/rbenv/versions/2.1.5/include/ruby-2.1.0 -I. -I/usr/local/include     -O3 -fno-fast-math -ggdb3 -Wall -Wextra -Wno-unused-parameter -Wno-parentheses -Wno-long-long -Wno-missing-field-initializers -Wunused-variable -Wpointer-arith -Wwrite-strings -Wdeclaration-after-statement -Wimplicit-function-declaration  -fPIC conftest.c  -L. -L/usr/local/opt/rbenv/versions/2.1.5/lib -Wl,-R/usr/local/opt/rbenv/versions/2.1.5/lib -L/usr/local/lib -Wl,-R/usr/local/lib -L. -fstack-protector -rdynamic -Wl,-export-dynamic    -lnsl -lz -lm  -Wl,-rpath,'/../lib' -Wl,-R -Wl,'/../lib' -L'/../lib' -lruby -lmysqlclient -lnsl -lz -lm  -lpthread -ldl -lcrypt -lm   -lc"
conftest.c: In function ‘t’:
conftest.c:13:57: error: ‘mysql_query’ undeclared (first use in this function)
 int t(void) { void ((*volatile p)()); p = (void ((*)()))mysql_query; return 0; }
                                                         ^
conftest.c:13:57: note: each undeclared identifier is reported only once for each function it appears in
conftest.c:13:32: warning: variable ‘p’ set but not used [-Wunused-but-set-variable]
 int t(void) { void ((*volatile p)()); p = (void ((*)()))mysql_query; return 0; }
                                ^
checked program was:
/* begin */
 1: #include "ruby.h"
 2: 
 3: /*top*/
 4: extern int t(void);
 5: int main(int argc, char **argv)
 6: {
 7:   if (argc > 1000000) {
 8:     printf("%p", &t);
 9:   }
10: 
11:   return 0;
12: }
13: int t(void) { void ((*volatile p)()); p = (void ((*)()))mysql_query; return 0; }
/* end */

"gcc -o conftest -I/usr/local/opt/rbenv/versions/2.1.5/include/ruby-2.1.0/x86_64-linux -I/usr/local/opt/rbenv/versions/2.1.5/include/ruby-2.1.0/ruby/backward -I/usr/local/opt/rbenv/versions/2.1.5/include/ruby-2.1.0 -I. -I/usr/local/include     -O3 -fno-fast-math -ggdb3 -Wall -Wextra -Wno-unused-parameter -Wno-parentheses -Wno-long-long -Wno-missing-field-initializers -Wunused-variable -Wpointer-arith -Wwrite-strings -Wdeclaration-after-statement -Wimplicit-function-declaration  -fPIC conftest.c  -L. -L/usr/local/opt/rbenv/versions/2.1.5/lib -Wl,-R/usr/local/opt/rbenv/versions/2.1.5/lib -L/usr/local/lib -Wl,-R/usr/local/lib -L. -fstack-protector -rdynamic -Wl,-export-dynamic    -lnsl -lz -lm  -Wl,-rpath,'/../lib' -Wl,-R -Wl,'/../lib' -L'/../lib' -lruby -lmysqlclient -lnsl -lz -lm  -lpthread -ldl -lcrypt -lm   -lc"
conftest.c: In function ‘t’:
conftest.c:13:1: warning: implicit declaration of function ‘mysql_query’ [-Wimplicit-function-declaration]
 int t(void) { mysql_query(); return 0; }
 ^
/usr/bin/ld: cannot find -lmysqlclient
collect2: error: ld returned 1 exit status
checked program was:
/* begin */
 1: #include "ruby.h"
 2: 
 3: /*top*/
 4: extern int t(void);
 5: int main(int argc, char **argv)
 6: {
 7:   if (argc > 1000000) {
 8:     printf("%p", &t);
 9:   }
10: 
11:   return 0;
12: }
13: int t(void) { mysql_query(); return 0; }
/* end */

"gcc -o conftest -I/usr/local/opt/rbenv/versions/2.1.5/include/ruby-2.1.0/x86_64-linux -I/usr/local/opt/rbenv/versions/2.1.5/include/ruby-2.1.0/ruby/backward -I/usr/local/opt/rbenv/versions/2.1.5/include/ruby-2.1.0 -I. -I/usr/local/include     -O3 -fno-fast-math -ggdb3 -Wall -Wextra -Wno-unused-parameter -Wno-parentheses -Wno-long-long -Wno-missing-field-initializers -Wunused-variable -Wpointer-arith -Wwrite-strings -Wdeclaration-after-statement -Wimplicit-function-declaration  -fPIC conftest.c  -L. -L/usr/local/opt/rbenv/versions/2.1.5/lib -Wl,-R/usr/local/opt/rbenv/versions/2.1.5/lib -L/usr/local/lib -Wl,-R/usr/local/lib -L/usr/local/lib/mysql -Wl,-R/usr/local/lib/mysql -L. -fstack-protector -rdynamic -Wl,-export-dynamic    -lnsl -lz -lm  -Wl,-rpath,'/../lib' -Wl,-R -Wl,'/../lib' -L'/../lib' -lruby -lmysqlclient -lnsl -lz -lm  -lpthread -ldl -lcrypt -lm   -lc"
conftest.c: In function ‘t’:
conftest.c:13:57: error: ‘mysql_query’ undeclared (first use in this function)
 int t(void) { void ((*volatile p)()); p = (void ((*)()))mysql_query; return 0; }
                                                         ^
conftest.c:13:57: note: each undeclared identifier is reported only once for each function it appears in
conftest.c:13:32: warning: variable ‘p’ set but not used [-Wunused-but-set-variable]
 int t(void) { void ((*volatile p)()); p = (void ((*)()))mysql_query; return 0; }
                                ^
checked program was:
/* begin */
 1: #include "ruby.h"
 2: 
 3: /*top*/
 4: extern int t(void);
 5: int main(int argc, char **argv)
 6: {
 7:   if (argc > 1000000) {
 8:     printf("%p", &t);
 9:   }
10: 
11:   return 0;
12: }
13: int t(void) { void ((*volatile p)()); p = (void ((*)()))mysql_query; return 0; }
/* end */

"gcc -o conftest -I/usr/local/opt/rbenv/versions/2.1.5/include/ruby-2.1.0/x86_64-linux -I/usr/local/opt/rbenv/versions/2.1.5/include/ruby-2.1.0/ruby/backward -I/usr/local/opt/rbenv/versions/2.1.5/include/ruby-2.1.0 -I. -I/usr/local/include     -O3 -fno-fast-math -ggdb3 -Wall -Wextra -Wno-unused-parameter -Wno-parentheses -Wno-long-long -Wno-missing-field-initializers -Wunused-variable -Wpointer-arith -Wwrite-strings -Wdeclaration-after-statement -Wimplicit-function-declaration  -fPIC conftest.c  -L. -L/usr/local/opt/rbenv/versions/2.1.5/lib -Wl,-R/usr/local/opt/rbenv/versions/2.1.5/lib -L/usr/local/lib -Wl,-R/usr/local/lib -L/usr/local/lib/mysql -Wl,-R/usr/local/lib/mysql -L. -fstack-protector -rdynamic -Wl,-export-dynamic    -lnsl -lz -lm  -Wl,-rpath,'/../lib' -Wl,-R -Wl,'/../lib' -L'/../lib' -lruby -lmysqlclient -lnsl -lz -lm  -lpthread -ldl -lcrypt -lm   -lc"
conftest.c: In function ‘t’:
conftest.c:13:1: warning: implicit declaration of function ‘mysql_query’ [-Wimplicit-function-declaration]
 int t(void) { mysql_query(); return 0; }
 ^
/usr/bin/ld: cannot find -lmysqlclient
collect2: error: ld returned 1 exit status
checked program was:
/* begin */
 1: #include "ruby.h"
 2: 
 3: /*top*/
 4: extern int t(void);
 5: int main(int argc, char **argv)
 6: {
 7:   if (argc > 1000000) {
 8:     printf("%p", &t);
 9:   }
10: 
11:   return 0;
12: }
13: int t(void) { mysql_query(); return 0; }
/* end */

--------------------

have_library: checking for main() in -lmygcc... -------------------- no

"gcc -o conftest -I/usr/local/opt/rbenv/versions/2.1.5/include/ruby-2.1.0/x86_64-linux -I/usr/local/opt/rbenv/versions/2.1.5/include/ruby-2.1.0/ruby/backward -I/usr/local/opt/rbenv/versions/2.1.5/include/ruby-2.1.0 -I. -I/usr/local/include     -O3 -fno-fast-math -ggdb3 -Wall -Wextra -Wno-unused-parameter -Wno-parentheses -Wno-long-long -Wno-missing-field-initializers -Wunused-variable -Wpointer-arith -Wwrite-strings -Wdeclaration-after-statement -Wimplicit-function-declaration  -fPIC conftest.c  -L. -L/usr/local/opt/rbenv/versions/2.1.5/lib -Wl,-R/usr/local/opt/rbenv/versions/2.1.5/lib -L/usr/local/lib -Wl,-R/usr/local/lib -L. -fstack-protector -rdynamic -Wl,-export-dynamic    -lnsl -lz -lm  -Wl,-rpath,'/../lib' -Wl,-R -Wl,'/../lib' -L'/../lib' -lruby -lmygcc -lnsl -lz -lm  -lpthread -ldl -lcrypt -lm   -lc"
conftest.c: In function ‘t’:
conftest.c:13:32: warning: variable ‘p’ set but not used [-Wunused-but-set-variable]
 int t(void) { void ((*volatile p)()); p = (void ((*)()))main; return 0; }
                                ^
/usr/bin/ld: cannot find -lmygcc
collect2: error: ld returned 1 exit status
checked program was:
/* begin */
 1: #include "ruby.h"
 2: 
 3: /*top*/
 4: extern int t(void);
 5: int main(int argc, char **argv)
 6: {
 7:   if (argc > 1000000) {
 8:     printf("%p", &t);
 9:   }
10: 
11:   return 0;
12: }
13: int t(void) { void ((*volatile p)()); p = (void ((*)()))main; return 0; }
/* end */

"gcc -o conftest -I/usr/local/opt/rbenv/versions/2.1.5/include/ruby-2.1.0/x86_64-linux -I/usr/local/opt/rbenv/versions/2.1.5/include/ruby-2.1.0/ruby/backward -I/usr/local/opt/rbenv/versions/2.1.5/include/ruby-2.1.0 -I. -I/usr/local/include     -O3 -fno-fast-math -ggdb3 -Wall -Wextra -Wno-unused-parameter -Wno-parentheses -Wno-long-long -Wno-missing-field-initializers -Wunused-variable -Wpointer-arith -Wwrite-strings -Wdeclaration-after-statement -Wimplicit-function-declaration  -fPIC conftest.c  -L. -L/usr/local/opt/rbenv/versions/2.1.5/lib -Wl,-R/usr/local/opt/rbenv/versions/2.1.5/lib -L/usr/local/lib -Wl,-R/usr/local/lib -L. -fstack-protector -rdynamic -Wl,-export-dynamic    -lnsl -lz -lm  -Wl,-rpath,'/../lib' -Wl,-R -Wl,'/../lib' -L'/../lib' -lruby -lmygcc -lnsl -lz -lm  -lpthread -ldl -lcrypt -lm   -lc"
conftest.c: In function ‘t’:
conftest.c:13:1: error: too few arguments to function ‘main’
 int t(void) { main(); return 0; }
 ^
conftest.c:5:5: note: declared here
 int main(int argc, char **argv)
     ^
checked program was:
/* begin */
 1: #include "ruby.h"
 2: 
 3: /*top*/
 4: extern int t(void);
 5: int main(int argc, char **argv)
 6: {
 7:   if (argc > 1000000) {
 8:     printf("%p", &t);
 9:   }
10: 
11:   return 0;
12: }
13: int t(void) { main(); return 0; }
/* end */

--------------------

find_library: checking for mysql_query() in -lmysqlclient... -------------------- no

"gcc -o conftest -I/usr/local/opt/rbenv/versions/2.1.5/include/ruby-2.1.0/x86_64-linux -I/usr/local/opt/rbenv/versions/2.1.5/include/ruby-2.1.0/ruby/backward -I/usr/local/opt/rbenv/versions/2.1.5/include/ruby-2.1.0 -I. -I/usr/local/include     -O3 -fno-fast-math -ggdb3 -Wall -Wextra -Wno-unused-parameter -Wno-parentheses -Wno-long-long -Wno-missing-field-initializers -Wunused-variable -Wpointer-arith -Wwrite-strings -Wdeclaration-after-statement -Wimplicit-function-declaration  -fPIC conftest.c  -L. -L/usr/local/opt/rbenv/versions/2.1.5/lib -Wl,-R/usr/local/opt/rbenv/versions/2.1.5/lib -L/usr/local/lib -Wl,-R/usr/local/lib -L. -fstack-protector -rdynamic -Wl,-export-dynamic    -lnsl -lz -lm  -Wl,-rpath,'/../lib' -Wl,-R -Wl,'/../lib' -L'/../lib' -lruby -lmysqlclient -lnsl -lz -lm  -lpthread -ldl -lcrypt -lm   -lc"
conftest.c: In function ‘t’:
conftest.c:13:57: error: ‘mysql_query’ undeclared (first use in this function)
 int t(void) { void ((*volatile p)()); p = (void ((*)()))mysql_query; return 0; }
                                                         ^
conftest.c:13:57: note: each undeclared identifier is reported only once for each function it appears in
conftest.c:13:32: warning: variable ‘p’ set but not used [-Wunused-but-set-variable]
 int t(void) { void ((*volatile p)()); p = (void ((*)()))mysql_query; return 0; }
                                ^
checked program was:
/* begin */
 1: #include "ruby.h"
 2: 
 3: /*top*/
 4: extern int t(void);
 5: int main(int argc, char **argv)
 6: {
 7:   if (argc > 1000000) {
 8:     printf("%p", &t);
 9:   }
10: 
11:   return 0;
12: }
13: int t(void) { void ((*volatile p)()); p = (void ((*)()))mysql_query; return 0; }
/* end */

"gcc -o conftest -I/usr/local/opt/rbenv/versions/2.1.5/include/ruby-2.1.0/x86_64-linux -I/usr/local/opt/rbenv/versions/2.1.5/include/ruby-2.1.0/ruby/backward -I/usr/local/opt/rbenv/versions/2.1.5/include/ruby-2.1.0 -I. -I/usr/local/include     -O3 -fno-fast-math -ggdb3 -Wall -Wextra -Wno-unused-parameter -Wno-parentheses -Wno-long-long -Wno-missing-field-initializers -Wunused-variable -Wpointer-arith -Wwrite-strings -Wdeclaration-after-statement -Wimplicit-function-declaration  -fPIC conftest.c  -L. -L/usr/local/opt/rbenv/versions/2.1.5/lib -Wl,-R/usr/local/opt/rbenv/versions/2.1.5/lib -L/usr/local/lib -Wl,-R/usr/local/lib -L. -fstack-protector -rdynamic -Wl,-export-dynamic    -lnsl -lz -lm  -Wl,-rpath,'/../lib' -Wl,-R -Wl,'/../lib' -L'/../lib' -lruby -lmysqlclient -lnsl -lz -lm  -lpthread -ldl -lcrypt -lm   -lc"
conftest.c: In function ‘t’:
conftest.c:13:1: warning: implicit declaration of function ‘mysql_query’ [-Wimplicit-function-declaration]
 int t(void) { mysql_query(); return 0; }
 ^
/usr/bin/ld: cannot find -lmysqlclient
collect2: error: ld returned 1 exit status
checked program was:
/* begin */
 1: #include "ruby.h"
 2: 
 3: /*top*/
 4: extern int t(void);
 5: int main(int argc, char **argv)
 6: {
 7:   if (argc > 1000000) {
 8:     printf("%p", &t);
 9:   }
10: 
11:   return 0;
12: }
13: int t(void) { mysql_query(); return 0; }
/* end */

"gcc -o conftest -I/usr/local/opt/rbenv/versions/2.1.5/include/ruby-2.1.0/x86_64-linux -I/usr/local/opt/rbenv/versions/2.1.5/include/ruby-2.1.0/ruby/backward -I/usr/local/opt/rbenv/versions/2.1.5/include/ruby-2.1.0 -I. -I/usr/local/include     -O3 -fno-fast-math -ggdb3 -Wall -Wextra -Wno-unused-parameter -Wno-parentheses -Wno-long-long -Wno-missing-field-initializers -Wunused-variable -Wpointer-arith -Wwrite-strings -Wdeclaration-after-statement -Wimplicit-function-declaration  -fPIC conftest.c  -L. -L/usr/local/opt/rbenv/versions/2.1.5/lib -Wl,-R/usr/local/opt/rbenv/versions/2.1.5/lib -L/usr/local/lib -Wl,-R/usr/local/lib -L. -fstack-protector -rdynamic -Wl,-export-dynamic    -lnsl -lz -lm  -Wl,-rpath,'/../lib' -Wl,-R -Wl,'/../lib' -L'/../lib' -lruby -lmysqlclient -lnsl -lz -lm  -lpthread -ldl -lcrypt -lm   -lc"
conftest.c: In function ‘t’:
conftest.c:13:57: error: ‘mysql_query’ undeclared (first use in this function)
 int t(void) { void ((*volatile p)()); p = (void ((*)()))mysql_query; return 0; }
                                                         ^
conftest.c:13:57: note: each undeclared identifier is reported only once for each function it appears in
conftest.c:13:32: warning: variable ‘p’ set but not used [-Wunused-but-set-variable]
 int t(void) { void ((*volatile p)()); p = (void ((*)()))mysql_query; return 0; }
                                ^
checked program was:
/* begin */
 1: #include "ruby.h"
 2: 
 3: /*top*/
 4: extern int t(void);
 5: int main(int argc, char **argv)
 6: {
 7:   if (argc > 1000000) {
 8:     printf("%p", &t);
 9:   }
10: 
11:   return 0;
12: }
13: int t(void) { void ((*volatile p)()); p = (void ((*)()))mysql_query; return 0; }
/* end */

"gcc -o conftest -I/usr/local/opt/rbenv/versions/2.1.5/include/ruby-2.1.0/x86_64-linux -I/usr/local/opt/rbenv/versions/2.1.5/include/ruby-2.1.0/ruby/backward -I/usr/local/opt/rbenv/versions/2.1.5/include/ruby-2.1.0 -I. -I/usr/local/include     -O3 -fno-fast-math -ggdb3 -Wall -Wextra -Wno-unused-parameter -Wno-parentheses -Wno-long-long -Wno-missing-field-initializers -Wunused-variable -Wpointer-arith -Wwrite-strings -Wdeclaration-after-statement -Wimplicit-function-declaration  -fPIC conftest.c  -L. -L/usr/local/opt/rbenv/versions/2.1.5/lib -Wl,-R/usr/local/opt/rbenv/versions/2.1.5/lib -L/usr/local/lib -Wl,-R/usr/local/lib -L. -fstack-protector -rdynamic -Wl,-export-dynamic    -lnsl -lz -lm  -Wl,-rpath,'/../lib' -Wl,-R -Wl,'/../lib' -L'/../lib' -lruby -lmysqlclient -lnsl -lz -lm  -lpthread -ldl -lcrypt -lm   -lc"
conftest.c: In function ‘t’:
conftest.c:13:1: warning: implicit declaration of function ‘mysql_query’ [-Wimplicit-function-declaration]
 int t(void) { mysql_query(); return 0; }
 ^
/usr/bin/ld: cannot find -lmysqlclient
collect2: error: ld returned 1 exit status
checked program was:
/* begin */
 1: #include "ruby.h"
 2: 
 3: /*top*/
 4: extern int t(void);
 5: int main(int argc, char **argv)
 6: {
 7:   if (argc > 1000000) {
 8:     printf("%p", &t);
 9:   }
10: 
11:   return 0;
12: }
13: int t(void) { mysql_query(); return 0; }
/* end */

"gcc -o conftest -I/usr/local/opt/rbenv/versions/2.1.5/include/ruby-2.1.0/x86_64-linux -I/usr/local/opt/rbenv/versions/2.1.5/include/ruby-2.1.0/ruby/backward -I/usr/local/opt/rbenv/versions/2.1.5/include/ruby-2.1.0 -I. -I/usr/local/include     -O3 -fno-fast-math -ggdb3 -Wall -Wextra -Wno-unused-parameter -Wno-parentheses -Wno-long-long -Wno-missing-field-initializers -Wunused-variable -Wpointer-arith -Wwrite-strings -Wdeclaration-after-statement -Wimplicit-function-declaration  -fPIC conftest.c  -L. -L/usr/local/opt/rbenv/versions/2.1.5/lib -Wl,-R/usr/local/opt/rbenv/versions/2.1.5/lib -L/usr/local/lib -Wl,-R/usr/local/lib -L/usr/local/lib/mysql -Wl,-R/usr/local/lib/mysql -L. -fstack-protector -rdynamic -Wl,-export-dynamic    -lnsl -lz -lm  -Wl,-rpath,'/../lib' -Wl,-R -Wl,'/../lib' -L'/../lib' -lruby -lmysqlclient -lnsl -lz -lm  -lpthread -ldl -lcrypt -lm   -lc"
conftest.c: In function ‘t’:
conftest.c:13:57: error: ‘mysql_query’ undeclared (first use in this function)
 int t(void) { void ((*volatile p)()); p = (void ((*)()))mysql_query; return 0; }
                                                         ^
conftest.c:13:57: note: each undeclared identifier is reported only once for each function it appears in
conftest.c:13:32: warning: variable ‘p’ set but not used [-Wunused-but-set-variable]
 int t(void) { void ((*volatile p)()); p = (void ((*)()))mysql_query; return 0; }
                                ^
checked program was:
/* begin */
 1: #include "ruby.h"
 2: 
 3: /*top*/
 4: extern int t(void);
 5: int main(int argc, char **argv)
 6: {
 7:   if (argc > 1000000) {
 8:     printf("%p", &t);
 9:   }
10: 
11:   return 0;
12: }
13: int t(void) { void ((*volatile p)()); p = (void ((*)()))mysql_query; return 0; }
/* end */

"gcc -o conftest -I/usr/local/opt/rbenv/versions/2.1.5/include/ruby-2.1.0/x86_64-linux -I/usr/local/opt/rbenv/versions/2.1.5/include/ruby-2.1.0/ruby/backward -I/usr/local/opt/rbenv/versions/2.1.5/include/ruby-2.1.0 -I. -I/usr/local/include     -O3 -fno-fast-math -ggdb3 -Wall -Wextra -Wno-unused-parameter -Wno-parentheses -Wno-long-long -Wno-missing-field-initializers -Wunused-variable -Wpointer-arith -Wwrite-strings -Wdeclaration-after-statement -Wimplicit-function-declaration  -fPIC conftest.c  -L. -L/usr/local/opt/rbenv/versions/2.1.5/lib -Wl,-R/usr/local/opt/rbenv/versions/2.1.5/lib -L/usr/local/lib -Wl,-R/usr/local/lib -L/usr/local/lib/mysql -Wl,-R/usr/local/lib/mysql -L. -fstack-protector -rdynamic -Wl,-export-dynamic    -lnsl -lz -lm  -Wl,-rpath,'/../lib' -Wl,-R -Wl,'/../lib' -L'/../lib' -lruby -lmysqlclient -lnsl -lz -lm  -lpthread -ldl -lcrypt -lm   -lc"
conftest.c: In function ‘t’:
conftest.c:13:1: warning: implicit declaration of function ‘mysql_query’ [-Wimplicit-function-declaration]
 int t(void) { mysql_query(); return 0; }
 ^
/usr/bin/ld: cannot find -lmysqlclient
collect2: error: ld returned 1 exit status
checked program was:
/* begin */
 1: #include "ruby.h"
 2: 
 3: /*top*/
 4: extern int t(void);
 5: int main(int argc, char **argv)
 6: {
 7:   if (argc > 1000000) {
 8:     printf("%p", &t);
 9:   }
10: 
11:   return 0;
12: }
13: int t(void) { mysql_query(); return 0; }
/* end */

--------------------

